QuestaSim-64 qrun 2024.3_1 Utility 2024.10 Oct 17 2024
Start time: 03:42:53 on Aug 02,2025
qrun -batch -access=rw+/. -timescale 1ns/1ns -mfcu design.sv testbench.sv -voptargs="+acc=npr" -do " run -all; exit" 
Creating library 'qrun.out/work'.
QuestaSim-64 vlog 2024.3_1 Compiler 2024.10 Oct 17 2024
Start time: 03:42:53 on Aug 02,2025
vlog -timescale 1ns/1ns -mfcu design.sv testbench.sv -work qrun.out/work -statslog qrun.out/stats_log -writesessionid "+qrun.out/top_dus" -csession=incr 
-- Compiling module data_mem
-- Compiling module TopLevel0
-- Compiling module ALU
-- Compiling module CTRL
-- Compiling module InstROM
-- Compiling module LUT
-- Compiling module ProgCtrl
-- Compiling module RegFile
-- Compiling module TopLevel
-- Compiling module flt2fix_tb_noround

Top level modules:
	ALU
	CTRL
	InstROM
	LUT
	ProgCtrl
	RegFile
	flt2fix_tb_noround
End time: 03:42:53 on Aug 02,2025, Elapsed time: 0:00:00
Errors: 0, Warnings: 0
QuestaSim-64 vopt 2024.3_1 Compiler 2024.10 Oct 17 2024
** Warning: (vopt-10587) Some optimizations are turned off because the +acc switch is in effect. This will cause your simulation to run slowly. Please use -access/-debug to maintain needed visibility. The +acc switch would be deprecated in a future release.
Start time: 03:42:54 on Aug 02,2025
vopt -access=rw+/. -timescale 1ns/1ns -mfcu "+acc=npr" -findtoplevels qrun.out/work+1+ -work qrun.out/work -statslog qrun.out/stats_log -csession=incr -o qrun_opt -csessionid=2 

Top level modules:
	ALU
	CTRL
	InstROM
	LUT
	ProgCtrl
	RegFile
	flt2fix_tb_noround

Analyzing design...
-- Loading module ALU
-- Loading module CTRL
-- Loading module InstROM
-- Loading module LUT
-- Loading module ProgCtrl
-- Loading module RegFile
-- Loading module flt2fix_tb_noround
-- Loading module TopLevel0
-- Loading module data_mem
-- Loading module TopLevel
Optimizing 10 design-units (inlining 0/11 module instances):
-- Optimizing module flt2fix_tb_noround(fast)
-- Optimizing module TopLevel0(fast)
-- Optimizing module TopLevel(fast)
-- Optimizing module InstROM(fast)
-- Optimizing module CTRL(fast)
-- Optimizing module RegFile(fast)
-- Optimizing module data_mem(fast)
-- Optimizing module ALU(fast)
-- Optimizing module LUT(fast)
-- Optimizing module ProgCtrl(fast)
Optimized design name is qrun_opt
End time: 03:42:54 on Aug 02,2025, Elapsed time: 0:00:00
Errors: 0, Warnings: 1
# vsim -batch -lib qrun.out/work -do " run -all; exit" -statslog qrun.out/stats_log qrun_opt -appendlog -l qrun.log 
# Start time: 03:42:54 on Aug 02,2025
# //  Questa Sim-64
# //  Version 2024.3_1 linux_x86_64 Oct 17 2024
# //
# // Unpublished work. Copyright 2024 Siemens
# //
# // This material contains trade secrets or otherwise confidential information
# // owned by Siemens Industry Software Inc. or its affiliates (collectively,
# // "SISW"), or its licensors. Access to and use of this information is strictly
# // limited as set forth in the Customer's applicable agreements with SISW.
# //
# // This material may not be copied, distributed, or otherwise disclosed outside
# // of the Customer's facilities without the express written permission of SISW,
# // and may not be used in any way not expressly authorized by SISW.
# //
# Loading sv_std.std
# Loading work.ALU(fast)
# Loading work.CTRL(fast)
# Loading work.InstROM(fast)
# Loading work.LUT(fast)
# Loading work.ProgCtrl(fast)
# Loading work.RegFile(fast)
# Loading work.flt2fix_tb_noround(fast)
# Loading work.TopLevel0(fast)
# Loading work.data_mem(fast)
# Loading work.TopLevel(fast)
# 
# run -all
# Instruction = zzzzzzzzz, Opcode = zzz
# 0.000000 * 2**-15 = 0.000000 =          0
# original binary = 0_00000_0000000000
# from MAT = 0000000000000000 = 0000
# from dum = 0000000000000000 = 0000
# from DUT = 0000000000000000 = 0000
#                 ct =           1, score0 =           1, score1 =            1
# 1.000000 * 2**  0 = 0.000000 =          1
# original binary = 0_01111_0000000000
# from MAT = 0000000100000000 = 0100
# from dum = 0000000100000000 = 0100
# from DUT = 0000000100000000 = 0100
#                 ct =           2, score0 =           2, score1 =            2
# 1.500000 * 2**  0 = 0.000000 =          2
# original binary = 0_01111_1000000000
# from MAT = 0000000110000000 = 0180
# from dum = 0000000110000000 = 0180
# from DUT = 0000000110000000 = 0180
#                 ct =           3, score0 =           3, score1 =            3
# 1.250000 * 2**  0 = 0.000000 =          1
# original binary = 0_01111_0100000000
# from MAT = 0000000101000000 = 0140
# from dum = 0000000101000000 = 0140
# from DUT = 0000000101000000 = 0140
#                 ct =           4, score0 =           4, score1 =            4
# 1.750000 * 2**  0 = 0.000000 =          2
# original binary = 0_01111_1100000000
# from MAT = 0000000111000000 = 01c0
# from dum = 0000000111000000 = 01c0
# from DUT = 0000000111000000 = 01c0
#                 ct =           5, score0 =           5, score1 =            5
# 1.000000 * 2**  1 = 0.000000 =          2
# original binary = 0_10000_0000000000
# from MAT = 0000001000000000 = 0200
# from dum = 0000001000000000 = 0200
# from DUT = 0000001000000000 = 0200
#                 ct =           6, score0 =           6, score1 =            6
# 1.500000 * 2**  1 = 0.000000 =          3
# original binary = 0_10000_1000000000
# from MAT = 0000001100000000 = 0300
# from dum = 0000001100000000 = 0300
# from DUT = 0000001100000000 = 0300
#                 ct =           7, score0 =           7, score1 =            7
# 1.750000 * 2**  1 = 0.000000 =          4
# original binary = 0_10000_1100000000
# from MAT = 0000001110000000 = 0380
# from dum = 0000001110000000 = 0380
# from DUT = 0000001110000000 = 0380
#                 ct =           8, score0 =           8, score1 =            8
# 1.875000 * 2**  1 = 0.000000 =          4
# original binary = 0_10000_1110000000
# from MAT = 0000001111000000 = 03c0
# from dum = 0000001111000000 = 03c0
# from DUT = 0000001111000000 = 03c0
#                 ct =           9, score0 =           9, score1 =            9
# 1.062500 * 2**  1 = 0.000000 =          2
# original binary = 0_10000_0001000000
# from MAT = 0000001000100000 = 0220
# from dum = 0000001000100000 = 0220
# from DUT = 0000001000100000 = 0220
#                 ct =          10, score0 =          10, score1 =           10
# 1.312500 * 2**  1 = 0.000000 =          3
# original binary = 0_10000_0101000000
# from MAT = 0000001010100000 = 02a0
# from dum = 0000001010100000 = 02a0
# from DUT = 0000001010100000 = 02a0
#                 ct =          11, score0 =          11, score1 =           11
# 1.437500 * 2**  1 = 0.000000 =          3
# original binary = 0_10000_0111000000
# from MAT = 0000001011100000 = 02e0
# from dum = 0000001011100000 = 02e0
# from DUT = 0000001011100000 = 02e0
#                 ct =          12, score0 =          12, score1 =           12
# 1.750000 * 2**  3 = 0.000000 =         14
# original binary = 0_10010_1100000000
# from MAT = 0000111000000000 = 0e00
# from dum = 0000111000000000 = 0e00
# from DUT = 0000111000000000 = 0e00
#                 ct =          13, score0 =          13, score1 =           13
# 1.875000 * 2**  3 = 0.000000 =         15
# original binary = 0_10010_1110000000
# from MAT = 0000111100000000 = 0f00
# from dum = 0000111100000000 = 0f00
# from DUT = 0000111100000000 = 0f00
#                 ct =          14, score0 =          14, score1 =           14
# 1.750000 * 2**  9 = 0.000000 =         15
# original binary = 0_11000_1100000000
# from MAT = 0111111111111111 = 7fff
# from dum = 0111111111111111 = 7fff
# from DUT = 0111111111111111 = 7fff
#                 ct =          15, score0 =          15, score1 =           15
# 1.750000 * 2** 10 = 0.000000 =         15
# original binary = 0_11001_1100000000
# from MAT = 0111111111111111 = 7fff
# from dum = 0111111111111111 = 7fff
# from DUT = 0111111111111111 = 7fff
#                 ct =          16, score0 =          16, score1 =           16
# 1.875000 * 2** 14 = 0.000000 =         15
# original binary = 0_11101_1110000000
# from MAT = 0111111111111111 = 7fff
# from dum = 0111111111111111 = 7fff
# from DUT = 0111111111111111 = 7fff
#                 ct =          17, score0 =          17, score1 =           17
# 1.875000 * 2** 15 = 0.000000 =         15
# original binary = 0_11110_1110000000
# from MAT = 0111111111111111 = 7fff
# from dum = 0111111111111111 = 7fff
# from DUT = 0111111111111111 = 7fff
#                 ct =          18, score0 =          18, score1 =           18
# 0.000000 * 2**-15 = 0.000000 =          0
# original binary = 1_00000_0000000000
# from MAT = 1000000000000000 = 8000
# from dum = 1000000000000000 = 8000
# from DUT = 1000000000000000 = 8000
#                 ct =          19, score0 =          19, score1 =           19
# 1.000000 * 2**  0 = 0.000000 =          1
# original binary = 1_01111_0000000000
# from MAT = 1000000100000000 = 8100
# from dum = 1000000100000000 = 8100
# from DUT = 1000000100000000 = 8100
#                 ct =          20, score0 =          20, score1 =           20
# 1.250000 * 2**  0 = 0.000000 =          1
# original binary = 1_01111_0100000000
# from MAT = 1000000101000000 = 8140
# from dum = 1000000101000000 = 8140
# from DUT = 1000000101000000 = 8140
#                 ct =          21, score0 =          21, score1 =           21
# 1.000000 * 2**  1 = 0.000000 =          2
# original binary = 1_10000_0000000000
# from MAT = 1000001000000000 = 8200
# from dum = 1000001000000000 = 8200
# from DUT = 1000001000000000 = 8200
#                 ct =          22, score0 =          22, score1 =           22
# 1.500000 * 2**  1 = 0.000000 =          3
# original binary = 1_10000_1000000000
# from MAT = 1000001100000000 = 8300
# from dum = 1000001100000000 = 8300
# from DUT = 1000001100000000 = 8300
#                 ct =          23, score0 =          23, score1 =           23
# 1.062500 * 2**  1 = 0.000000 =          2
# original binary = 1_10000_0001000000
# from MAT = 1000001000100000 = 8220
# from dum = 1000001000100000 = 8220
# from DUT = 1000001000100000 = 8220
#                 ct =          24, score0 =          24, score1 =           24
# 1.062500 * 2**  1 = 0.000000 =          2
# original binary = 1_10000_0001000000
# from MAT = 1000001000100000 = 8220
# from dum = 1000001000100000 = 8220
# from DUT = 1000001000100000 = 8220
#                 ct =          25, score0 =          25, score1 =           25
# 1.750000 * 2**  3 = 0.000000 =         14
# original binary = 1_10010_1100000000
# from MAT = 1000111000000000 = 8e00
# from dum = 1000111000000000 = 8e00
# from DUT = 1000111000000000 = 8e00
#                 ct =          26, score0 =          26, score1 =           26
# 1.875000 * 2**  3 = 0.000000 =         15
# original binary = 1_10010_1110000000
# from MAT = 1000111100000000 = 8f00
# from dum = 1000111100000000 = 8f00
# from DUT = 1000111100000000 = 8f00
#                 ct =          27, score0 =          27, score1 =           27
# 1.750000 * 2**  9 = 0.000000 =         15
# original binary = 1_11000_1100000000
# from MAT = 1111111111111111 = ffff
# from dum = 1111111111111111 = ffff
# from DUT = 1111111111111111 = ffff
#                 ct =          28, score0 =          28, score1 =           28
# 1.750000 * 2** 10 = 0.000000 =         15
# original binary = 1_11001_1100000000
# from MAT = 1111111111111111 = ffff
# from dum = 1111111111111111 = ffff
# from DUT = 1111111111111111 = ffff
#                 ct =          29, score0 =          29, score1 =           29
# 1.875000 * 2** 14 = 0.000000 =         15
# original binary = 1_11101_1110000000
# from MAT = 1111111111111111 = ffff
# from dum = 1111111111111111 = ffff
# from DUT = 1111111111111111 = ffff
#                 ct =          30, score0 =          30, score1 =           30
# 1.875000 * 2** 15 = 0.000000 =         15
# original binary = 1_11110_1110000000
# from MAT = 1111111111111111 = ffff
# from dum = 1111111111111111 = ffff
# from DUT = 1111111111111111 = ffff
#                 ct =          31, score0 =          31, score1 =           31
# correct          31 out of total          31
# correct          31 out of total          31
# ** Note: $stop    : flt2fix_tb.sv(113)
#    Time: 2810 ns  Iteration: 0  Instance: /flt2fix_tb_noround
# Break in Module flt2fix_tb_noround at flt2fix_tb.sv line 113
# Stopped at flt2fix_tb.sv line 113
# exit
# End time: 03:42:56 on Aug 02,2025, Elapsed time: 0:00:02
# Errors: 0, Warnings: 0
End time: 03:42:56 on Aug 02,2025, Elapsed time: 0:00:03
*** Summary *********************************************
    qrun: Errors:   0, Warnings:   0
    vlog: Errors:   0, Warnings:   0
    vopt: Errors:   0, Warnings:   1
    vsim: Errors:   0, Warnings:   0
  Totals: Errors:   0, Warnings:   1
